<?xml version="1.0" encoding="UTF-8"?>
<testng-results ignored="0" total="1" passed="1" failed="0" skipped="0">
  <reporter-output>
  </reporter-output>
  <suite started-at="2022-12-08T20:30:39 IST" name="Default suite" finished-at="2022-12-08T20:31:05 IST" duration-ms="26002">
    <groups>
    </groups>
    <test started-at="2022-12-08T20:30:39 IST" name="Default test" finished-at="2022-12-08T20:31:05 IST" duration-ms="26002">
      <class name="fbTestClass.signupTest">
        <test-method is-config="true" signature="beforeClass()[pri:0, instance:fbTestClass.signupTest@6b927fb]" started-at="2022-12-08T20:30:39 IST" name="beforeClass" finished-at="2022-12-08T20:30:42 IST" duration-ms="3193" status="PASS">
          <reporter-output>
          </reporter-output>
        </test-method> <!-- beforeClass -->
        <test-method is-config="true" signature="beforeMethod()[pri:0, instance:fbTestClass.signupTest@6b927fb]" started-at="2022-12-08T20:30:42 IST" name="beforeMethod" finished-at="2022-12-08T20:30:47 IST" duration-ms="4318" status="PASS">
          <reporter-output>
          </reporter-output>
        </test-method> <!-- beforeMethod -->
        <test-method signature="test1()[pri:0, instance:fbTestClass.signupTest@6b927fb]" started-at="2022-12-08T20:30:47 IST" name="test1" finished-at="2022-12-08T20:31:05 IST" duration-ms="18240" status="PASS">
          <reporter-output>
          </reporter-output>
        </test-method> <!-- test1 -->
        <test-method is-config="true" signature="afterMethod()[pri:0, instance:fbTestClass.signupTest@6b927fb]" started-at="2022-12-08T20:31:05 IST" name="afterMethod" finished-at="2022-12-08T20:31:05 IST" duration-ms="8" status="PASS">
          <reporter-output>
          </reporter-output>
        </test-method> <!-- afterMethod -->
        <test-method is-config="true" signature="afterClass()[pri:0, instance:fbTestClass.signupTest@6b927fb]" started-at="2022-12-08T20:31:05 IST" name="afterClass" finished-at="2022-12-08T20:31:05 IST" duration-ms="183" status="PASS">
          <reporter-output>
          </reporter-output>
        </test-method> <!-- afterClass -->
      </class> <!-- fbTestClass.signupTest -->
    </test> <!-- Default test -->
  </suite> <!-- Default suite -->
</testng-results>
